Change Component Designator: OldDesignator= NewDesignator=S1
Added Component: Designator=S2(SOT-23-3)
Added Component: Designator=S3(SOT-23-5)
Change Net Name : Old Net Name=Net_3 New Net Name=NetJ11_3
Change Net Name : Old Net Name=Net_6 New Net Name=NetJ12_2
Change Net Name : Old Net Name=Net_7 New Net Name=NetJ12_3
Change Net Name : Old Net Name=NetJ8_1 New Net Name=VB
Change Net Name : Old Net Name=VA New Net Name=NetJ7_1
Added Pin To Net: NetName=NetJ11_1 Pin=J11-1
Added Pin To Net: NetName=NetJ11_1 Pin=S1-1
Added Pin To Net: NetName=NetJ11_1 Pin=S2-1
Added Net: Name=NetJ11_1
Added Pin To Net: NetName=NetJ11_2 Pin=J11-2
Added Pin To Net: NetName=NetJ11_2 Pin=S1-2
Added Pin To Net: NetName=NetJ11_2 Pin=S2-2
Added Net: Name=NetJ11_2
Added Pin To Net: NetName=NetJ11_4 Pin=J11-4
Added Pin To Net: NetName=NetJ11_4 Pin=S1-4
Added Pin To Net: NetName=NetJ11_4 Pin=S3-5
Added Net: Name=NetJ11_4
Added Pin To Net: NetName=NetJ12_1 Pin=J12-1
Added Pin To Net: NetName=NetJ12_1 Pin=S1-5
Added Pin To Net: NetName=NetJ12_1 Pin=S3-1
Added Net: Name=NetJ12_1
Added Pin To Net: NetName=NetJ12_4 Pin=J12-4
Added Pin To Net: NetName=NetJ12_4 Pin=S1-8
Added Pin To Net: NetName=NetJ12_4 Pin=S3-4
Added Net: Name=NetJ12_4
Added Member To Class: ClassName=SOIC8_breakout Member=Component S2 Generic 3-pin device
Added Member To Class: ClassName=SOIC8_breakout Member=Component S3 Generic 5-pin device
