Change Component Designator: OldDesignator=POW NewDesignator=POW ON
Change Component Designator: OldDesignator=VCC NewDesignator=VCC ON
Added Pin To Net: NetName=Net1_1 Pin=1-1
Added Pin To Net: NetName=Net1_1 Pin=1-2
Added Pin To Net: NetName=4.096V Pin=1-3
Added Pin To Net: NetName=5V Pin=1-4
Added Pin To Net: NetName=Net1_5 Pin=1-5
Added Pin To Net: NetName=2.048V Pin=1-6
Added Pin To Net: NetName=2.048V Pin=1-7
Added Pin To Net: NetName=Net1_8 Pin=1-8
Added Pin To Net: NetName=Net1_9 Pin=1-9
Added Pin To Net: NetName=Net1_10 Pin=1-10
Added Pin To Net: NetName=AGND Pin=1-11
Added Pin To Net: NetName=Net1_12 Pin=1-12
Added Pin To Net: NetName=Net1_13 Pin=1-13
Added Pin To Net: NetName=Net1_14 Pin=1-14
Added Pin To Net: NetName=+12V Pin=C1-1
Added Pin To Net: NetName=PGND Pin=C1-2
Added Pin To Net: NetName=+12V Pin=C2-1
Added Pin To Net: NetName=PGND Pin=C2-2
Added Pin To Net: NetName=+12V Pin=C3-1
Added Pin To Net: NetName=PGND Pin=C3-2
Added Pin To Net: NetName=+12V Pin=C4-1
Added Pin To Net: NetName=PGND Pin=C4-2
Added Pin To Net: NetName=5V Pin=C5-1
Added Pin To Net: NetName=AGND Pin=C5-2
Added Pin To Net: NetName=5V Pin=C6-1
Added Pin To Net: NetName=AGND Pin=C6-2
Added Pin To Net: NetName=Net1_8 Pin=C7-1
Added Pin To Net: NetName=AGND Pin=C7-2
Added Pin To Net: NetName=Net1_14 Pin=C8-1
Added Pin To Net: NetName=AGND Pin=C8-2
Added Pin To Net: NetName=PGND Pin=M1-1
Added Pin To Net: NetName=PGND Pin=M1-1
Added Pin To Net: NetName=PGND Pin=M1-1
Added Pin To Net: NetName=PGND Pin=M1-1
Added Pin To Net: NetName=PGND Pin=M1-1
Added Pin To Net: NetName=PGND Pin=M1-1
Added Pin To Net: NetName=PGND Pin=M1-1
Added Pin To Net: NetName=PGND Pin=M1-1
Added Pin To Net: NetName=NetM1_2 Pin=M1-2
Added Pin To Net: NetName=NetM1_3 Pin=M1-3
Added Pin To Net: NetName=NetM1_4 Pin=M1-4
Added Pin To Net: NetName=+12V Pin=M1-5
Added Pin To Net: NetName=M1A Pin=M1-6
Added Pin To Net: NetName=NetM1_7 Pin=M1-7
Added Pin To Net: NetName=M1B Pin=M1-8
Added Pin To Net: NetName=PGND Pin=M2-1
Added Pin To Net: NetName=PGND Pin=M2-1
Added Pin To Net: NetName=PGND Pin=M2-1
Added Pin To Net: NetName=PGND Pin=M2-1
Added Pin To Net: NetName=PGND Pin=M2-1
Added Pin To Net: NetName=PGND Pin=M2-1
Added Pin To Net: NetName=PGND Pin=M2-1
Added Pin To Net: NetName=PGND Pin=M2-1
Added Pin To Net: NetName=NetM2_2 Pin=M2-2
Added Pin To Net: NetName=NetM2_3 Pin=M2-3
Added Pin To Net: NetName=NetM1_4 Pin=M2-4
Added Pin To Net: NetName=+12V Pin=M2-5
Added Pin To Net: NetName=M2A Pin=M2-6
Added Pin To Net: NetName=NetM2_7 Pin=M2-7
Added Pin To Net: NetName=M2B Pin=M2-8
Added Pin To Net: NetName=CURRENT2 Pin=Modular8-A_0
Added Pin To Net: NetName=CURRENT1 Pin=Modular8-A_1
Added Pin To Net: NetName=NetM2_2 Pin=Modular8-A_4
Added Pin To Net: NetName=NetM2_3 Pin=Modular8-A_5
Added Pin To Net: NetName=NetM1_2 Pin=Modular8-A_6
Added Pin To Net: NetName=NetM1_3 Pin=Modular8-A_7
Added Pin To Net: NetName=AGND Pin=Modular8-A_GND
Added Pin To Net: NetName=5V Pin=Modular8-A_V1
Added Pin To Net: NetName=4.096V Pin=Modular8-A_V2
Added Pin To Net: NetName=PGND Pin=Modular8-B_GND
Added Pin To Net: NetName=PGND Pin=Modular8-B_GND
Added Pin To Net: NetName=+12V Pin=Modular8-B_VCC
Added Pin To Net: NetName=+12V Pin=Modular8-B_VCC
Added Pin To Net: NetName=M1A Pin=Modular8-C_0
Added Pin To Net: NetName=M1B Pin=Modular8-C_1
Added Pin To Net: NetName=M2A Pin=Modular8-C_2
Added Pin To Net: NetName=M2B Pin=Modular8-C_3
Added Pin To Net: NetName=PGND Pin=Modular8-D_GND
Added Pin To Net: NetName=PGND Pin=Modular8-D_GND
Added Pin To Net: NetName=+12V Pin=Modular8-D_VCC
Added Pin To Net: NetName=+12V Pin=Modular8-D_VCC
Added Pin To Net: NetName=+12V Pin=POW ON-1
Added Pin To Net: NetName=NetPOW ON_2 Pin=POW ON-2
Added Pin To Net: NetName=+12V Pin=R1-1
Added Pin To Net: NetName=NetR1_2 Pin=R1-2
Added Pin To Net: NetName=NetR1_2 Pin=R2-1
Added Pin To Net: NetName=NetM1_4 Pin=R2-2
Added Pin To Net: NetName=NetM1_4 Pin=R3-1
Added Pin To Net: NetName=PGND Pin=R3-2
Added Pin To Net: NetName=NetM2_7 Pin=R4-1
Added Pin To Net: NetName=Net1_10 Pin=R4-2
Added Pin To Net: NetName=NetM1_7 Pin=R5-1
Added Pin To Net: NetName=Net1_12 Pin=R5-2
Added Pin To Net: NetName=Net1_9 Pin=R6-1
Added Pin To Net: NetName=PGND Pin=R6-2
Added Pin To Net: NetName=Net1_13 Pin=R7-1
Added Pin To Net: NetName=PGND Pin=R7-2
Added Pin To Net: NetName=PGND Pin=R8-1
Added Pin To Net: NetName=Net1_8 Pin=R8-2
Added Pin To Net: NetName=PGND Pin=R9-1
Added Pin To Net: NetName=Net1_14 Pin=R9-2
Added Pin To Net: NetName=Net1_10 Pin=R10-1
Added Pin To Net: NetName=2.048V Pin=R10-2
Added Pin To Net: NetName=Net1_12 Pin=R11-1
Added Pin To Net: NetName=2.048V Pin=R11-2
Added Pin To Net: NetName=Net1_8 Pin=R12-1
Added Pin To Net: NetName=CURRENT2 Pin=R12-2
Added Pin To Net: NetName=Net1_14 Pin=R13-1
Added Pin To Net: NetName=CURRENT1 Pin=R13-2
Added Pin To Net: NetName=Net1_5 Pin=R20-1
Added Pin To Net: NetName=Net1_1 Pin=R20-2
Added Pin To Net: NetName=Net1_5 Pin=R21-1
Added Pin To Net: NetName=AGND Pin=R21-2
Added Pin To Net: NetName=NetR22_1 Pin=R22-1
Added Pin To Net: NetName=AGND Pin=R22-2
Added Pin To Net: NetName=NetPOW ON_2 Pin=R23-1
Added Pin To Net: NetName=PGND Pin=R23-2
Added Pin To Net: NetName=NetM2_7 Pin=RSENSE1-1
Added Pin To Net: NetName=NetM2_7 Pin=RSENSE1-1
Added Pin To Net: NetName=PGND Pin=RSENSE1-2
Added Pin To Net: NetName=PGND Pin=RSENSE1-2
Added Pin To Net: NetName=NetM1_7 Pin=RSENSE2-1
Added Pin To Net: NetName=NetM1_7 Pin=RSENSE2-1
Added Pin To Net: NetName=PGND Pin=RSENSE2-2
Added Pin To Net: NetName=PGND Pin=RSENSE2-2
Added Pin To Net: NetName=5V Pin=VCC ON-1
Added Pin To Net: NetName=NetR22_1 Pin=VCC ON-2
Added Pin To Net: NetName=NetR1_2 Pin=ZD1-1
Added Pin To Net: NetName=PGND Pin=ZD1-2
Added Member To Class: ClassName=A4950_driver Member=Component 1 LM324DT
Added Member To Class: ClassName=A4950_driver Member=Component C1 C 100uF 25V
Added Member To Class: ClassName=A4950_driver Member=Component C2 C 10uF 25V
Added Member To Class: ClassName=A4950_driver Member=Component C3 C 1uF 25V
Added Member To Class: ClassName=A4950_driver Member=Component C4 C 0.1uF 25V
Added Member To Class: ClassName=A4950_driver Member=Component C5 C 0.1uF 25V
Added Member To Class: ClassName=A4950_driver Member=Component C6 C 0.1uF 25V
Added Member To Class: ClassName=A4950_driver Member=Component C7 C 22uF 6.3V
Added Member To Class: ClassName=A4950_driver Member=Component C8 C 22uF 6.3V
Added Member To Class: ClassName=A4950_driver Member=Component GND TIE R 0
Added Member To Class: ClassName=A4950_driver Member=Component M1 A4950
Added Member To Class: ClassName=A4950_driver Member=Component M2 A4950
Added Member To Class: ClassName=A4950_driver Member=Component Modular8 modular8_power
Added Member To Class: ClassName=A4950_driver Member=Component POW ON LEDG
Added Member To Class: ClassName=A4950_driver Member=Component R1 R 10k
Added Member To Class: ClassName=A4950_driver Member=Component R2 R 10k
Added Member To Class: ClassName=A4950_driver Member=Component R3 R 330
Added Member To Class: ClassName=A4950_driver Member=Component R4 R 10k 1%
Added Member To Class: ClassName=A4950_driver Member=Component R5 R 10k 1%
Added Member To Class: ClassName=A4950_driver Member=Component R6 R 10k 1%
Added Member To Class: ClassName=A4950_driver Member=Component R7 R 10k 1%
Added Member To Class: ClassName=A4950_driver Member=Component R8 R 300k 1%
Added Member To Class: ClassName=A4950_driver Member=Component R9 R 300k 1%
Added Member To Class: ClassName=A4950_driver Member=Component R10 R 300k 1%
Added Member To Class: ClassName=A4950_driver Member=Component R11 R 300k 1%
Added Member To Class: ClassName=A4950_driver Member=Component R12 R 10k
Added Member To Class: ClassName=A4950_driver Member=Component R13 R 10k
Added Member To Class: ClassName=A4950_driver Member=Component R20 R 300k 1%
Added Member To Class: ClassName=A4950_driver Member=Component R21 R 300k 1%
Added Member To Class: ClassName=A4950_driver Member=Component R22 R 680
Added Member To Class: ClassName=A4950_driver Member=Component R23 R 680
Added Member To Class: ClassName=A4950_driver Member=Component RSENSE1 R 0.01 0.5%
Added Member To Class: ClassName=A4950_driver Member=Component RSENSE2 R 0.01 0.5%
Added Member To Class: ClassName=A4950_driver Member=Component VCC ON LEDG
Added Member To Class: ClassName=A4950_driver Member=Component ZD1 Zener 5.1V
