Added Component: Designator=Modular8(modular8)
Added Pin To Net: NetName=VCC Pin=Modular8-3
Added Pin To Net: NetName=NetModular8_4 Pin=Modular8-4
Added Pin To Net: NetName=NetModular8_5 Pin=Modular8-5
Added Pin To Net: NetName=NetModular8_6 Pin=Modular8-6
Added Pin To Net: NetName=NetModular8_7 Pin=Modular8-7
Added Pin To Net: NetName=NetModular8_8 Pin=Modular8-8
Added Pin To Net: NetName=NetModular8_9 Pin=Modular8-9
Added Pin To Net: NetName=NetModular8_10 Pin=Modular8-10
Added Pin To Net: NetName=NetModular8_11 Pin=Modular8-11
Added Pin To Net: NetName=DGND Pin=Modular8-12
Added Pin To Net: NetName=VCC Pin=Modular8-15
Added Pin To Net: NetName=THRU Pin=Modular8-16
Added Pin To Net: NetName=TX Pin=Modular8-17
Added Pin To Net: NetName=PGM Pin=Modular8-18
Added Pin To Net: NetName=MOSI Pin=Modular8-19
Added Pin To Net: NetName=MISO Pin=Modular8-20
Added Pin To Net: NetName=SCK Pin=Modular8-21
Added Pin To Net: NetName=SCL Pin=Modular8-22
Added Pin To Net: NetName=SDA Pin=Modular8-23
Added Pin To Net: NetName=DGND Pin=Modular8-24
Added Pin To Net: NetName=AREF Pin=Modular8-26
Added Pin To Net: NetName=AVCC Pin=Modular8-27
Added Pin To Net: NetName=NetModular8_28 Pin=Modular8-28
Added Pin To Net: NetName=NetModular8_29 Pin=Modular8-29
Added Pin To Net: NetName=NetModular8_30 Pin=Modular8-30
Added Pin To Net: NetName=NetModular8_31 Pin=Modular8-31
Added Pin To Net: NetName=NetModular8_32 Pin=Modular8-32
Added Pin To Net: NetName=NetModular8_33 Pin=Modular8-33
Added Pin To Net: NetName=SDA Pin=Modular8-34
Added Pin To Net: NetName=SCL Pin=Modular8-35
Added Pin To Net: NetName=VCC Pin=Modular8-39
Added Pin To Net: NetName=THRU Pin=Modular8-40
Added Pin To Net: NetName=NetModular8_41 Pin=Modular8-41
Added Pin To Net: NetName=NetModular8_42 Pin=Modular8-42
Added Pin To Net: NetName=MOSI Pin=Modular8-43
Added Pin To Net: NetName=MISO Pin=Modular8-44
Added Pin To Net: NetName=SCK Pin=Modular8-45
Added Pin To Net: NetName=SCL Pin=Modular8-46
Added Pin To Net: NetName=SDA Pin=Modular8-47
Added Pin To Net: NetName=DGND Pin=Modular8-48
Added Member To Class: ClassName=module_rev1 Member=Component Modular8
