Removed Pin From Net: NetName=AVCC Pin=C3-1
Removed Pin From Net: NetName=AGND Pin=C3-2
Removed Pin From Net: NetName=DGND Pin=ModuloX-34
Removed Pin From Net: NetName=DGND Pin=ModuloX-34
Removed Pin From Net: NetName=DGND Pin=ModuloX-34
Removed Pin From Net: NetName=VCC Pin=R1-1
Removed Pin From Net: NetName=DGND Pin=R2-1
Removed Pin From Net: NetName=AGND Pin=R2-2
Change Component Designator: OldDesignator=MCU1 NewDesignator=MX1
Added Component: Designator=PLANES(0603 JUMPER)
Added Component: Designator=POW LED(0603)
Added Component: Designator=R3(0603)
Added Component: Designator=SCK LED(0603)
Added Component: Designator=TERMINATE(0603 JUMPER)
Added Pin To Net: NetName=AGND Pin=C3-1
Added Pin To Net: NetName=AVCC Pin=C3-2
Added Pin To Net: NetName=DGND Pin=ModuloX-35
Added Pin To Net: NetName=DGND Pin=ModuloX-35
Added Pin To Net: NetName=DGND Pin=ModuloX-35
Added Pin To Net: NetName=AGND Pin=PLANES-1
Added Pin To Net: NetName=DGND Pin=PLANES-2
Added Pin To Net: NetName=VCC Pin=R1-2
Added Pin To Net: NetName=VCC Pin=R2-1
Added Pin To Net: NetName=SCK Pin=R3-1
Change Net Name : Old Net Name=NetMCU1_14 New Net Name=PGM
Change Net Name : Old Net Name=NetMCU1_19 New Net Name=NetModuloX_17
Change Net Name : Old Net Name=NetMCU1_22 New Net Name=NetModuloX_18
Change Net Name : Old Net Name=NetMCU1_23 New Net Name=NetModuloX_19
Change Net Name : Old Net Name=NetMCU1_24 New Net Name=NetModuloX_20
Change Net Name : Old Net Name=NetMCU1_25 New Net Name=NetModuloX_21
Change Net Name : Old Net Name=NetMCU1_26 New Net Name=NetModuloX_22
Added Pin To Net: NetName=NetModuloX_1 Pin=ModuloX-1
Added Pin To Net: NetName=NetModuloX_1 Pin=MX1-13
Added Net: Name=NetModuloX_1
Added Pin To Net: NetName=NetModuloX_2 Pin=ModuloX-2
Added Pin To Net: NetName=NetModuloX_2 Pin=MX1-12
Added Net: Name=NetModuloX_2
Added Pin To Net: NetName=NetModuloX_3 Pin=ModuloX-3
Added Pin To Net: NetName=NetModuloX_3 Pin=MX1-11
Added Net: Name=NetModuloX_3
Added Pin To Net: NetName=NetModuloX_4 Pin=ModuloX-4
Added Pin To Net: NetName=NetModuloX_4 Pin=MX1-10
Added Net: Name=NetModuloX_4
Added Pin To Net: NetName=NetModuloX_5 Pin=ModuloX-5
Added Pin To Net: NetName=NetModuloX_5 Pin=MX1-9
Added Net: Name=NetModuloX_5
Added Pin To Net: NetName=NetModuloX_6 Pin=ModuloX-6
Added Pin To Net: NetName=NetModuloX_6 Pin=MX1-2
Added Net: Name=NetModuloX_6
Added Pin To Net: NetName=NetModuloX_7 Pin=ModuloX-7
Added Pin To Net: NetName=NetModuloX_7 Pin=MX1-1
Added Net: Name=NetModuloX_7
Added Pin To Net: NetName=NetModuloX_8 Pin=ModuloX-8
Added Pin To Net: NetName=NetModuloX_8 Pin=MX1-32
Added Net: Name=NetModuloX_8
Added Pin To Net: NetName=NetModuloX_28 Pin=ModuloX-28
Added Pin To Net: NetName=NetModuloX_28 Pin=MX1-29
Added Pin To Net: NetName=NetModuloX_28 Pin=R1-1
Added Net: Name=NetModuloX_28
Added Pin To Net: NetName=NetModuloX_29 Pin=ModuloX-29
Added Pin To Net: NetName=NetModuloX_29 Pin=MX1-30
Added Net: Name=NetModuloX_29
Added Pin To Net: NetName=NetPOW LED_A Pin=R2-2
Added Net: Name=NetPOW LED_A
Added Pin To Net: NetName=NetR3_2 Pin=R3-2
Added Net: Name=NetR3_2
Added Pin To Net: NetName=THRU Pin=ModuloX-13
Added Pin To Net: NetName=THRU Pin=ModuloX-30
Added Pin To Net: NetName=THRU Pin=TERMINATE-1
Added Net: Name=THRU
Added Pin To Net: NetName=TX Pin=ModuloX-14
Added Pin To Net: NetName=TX Pin=MX1-31
Added Pin To Net: NetName=TX Pin=TERMINATE-2
Added Net: Name=TX
Added Member To Class: ClassName=module_rev1 Member=Component PLANES Resistor
Added Member To Class: ClassName=module_rev1 Member=Component POW LED LEDR
Added Member To Class: ClassName=module_rev1 Member=Component R3 Resistor
Added Member To Class: ClassName=module_rev1 Member=Component SCK LED LEDR
Added Member To Class: ClassName=module_rev1 Member=Component TERMINATE Resistor
