Removed Pin From Net: NetName=MOSI Pin=MCU1-15
Removed Pin From Net: NetName=MISO Pin=MCU1-16
Added Pin To Net: NetName=SCK Pin=ModuloX-9
Added Pin To Net: NetName=MISO Pin=ModuloX-10
Added Pin To Net: NetName=MOSI Pin=ModuloX-11
Added Pin To Net: NetName=SCL Pin=ModuloX-15
Added Pin To Net: NetName=SDA Pin=ModuloX-16
Added Pin To Net: NetName=SCK Pin=ModuloX-25
Added Pin To Net: NetName=MISO Pin=ModuloX-26
Added Pin To Net: NetName=MOSI Pin=ModuloX-27
Added Pin To Net: NetName=NetMCU1_29 Pin=ModuloX-28
Added Pin To Net: NetName=NetMCU1_30 Pin=ModuloX-29
Added Pin To Net: NetName=NetMCU1_31 Pin=ModuloX-30
Added Pin To Net: NetName=SCL Pin=ModuloX-31
Added Pin To Net: NetName=SDA Pin=ModuloX-32
Added Pin To Net: NetName=NetMCU1_12 Pin=MCU1-12
Added Pin To Net: NetName=NetMCU1_12 Pin=ModuloX-13
Added Pin To Net: NetName=NetMCU1_12 Pin=ModuloX-21
Added Net: Name=NetMCU1_12
Added Pin To Net: NetName=NetMCU1_13 Pin=MCU1-13
Added Pin To Net: NetName=NetMCU1_13 Pin=ModuloX-14
Added Pin To Net: NetName=NetMCU1_13 Pin=ModuloX-22
Added Net: Name=NetMCU1_13
Added Pin To Net: NetName=NetMCU1_14 Pin=MCU1-14
Added Pin To Net: NetName=NetMCU1_14 Pin=ModuloX-12
Added Net: Name=NetMCU1_14
Added Pin To Net: NetName=NetMCU1_19 Pin=MCU1-19
Added Pin To Net: NetName=NetMCU1_19 Pin=ModuloX-23
Added Net: Name=NetMCU1_19
Added Pin To Net: NetName=NetMCU1_22 Pin=MCU1-22
Added Pin To Net: NetName=NetMCU1_22 Pin=ModuloX-24
Added Net: Name=NetMCU1_22
Added Pin To Net: NetName=NetMCU1_23 Pin=MCU1-23
Added Pin To Net: NetName=NetMCU1_23 Pin=ModuloX-17
Added Net: Name=NetMCU1_23
Added Pin To Net: NetName=NetMCU1_24 Pin=MCU1-24
Added Pin To Net: NetName=NetMCU1_24 Pin=ModuloX-18
Added Net: Name=NetMCU1_24
Added Pin To Net: NetName=NetMCU1_25 Pin=MCU1-25
Added Pin To Net: NetName=NetMCU1_25 Pin=ModuloX-19
Added Net: Name=NetMCU1_25
Added Pin To Net: NetName=NetMCU1_26 Pin=MCU1-26
Added Pin To Net: NetName=NetMCU1_26 Pin=ModuloX-20
Added Net: Name=NetMCU1_26
Added Member To Class: ClassName=module_rev1 Member=Component ModuloX ModX whole
