Removed Pin From Net: NetName=SCK Pin=ModuloX-9
Removed Pin From Net: NetName=MISO Pin=ModuloX-10
Removed Pin From Net: NetName=MOSI Pin=ModuloX-11
Removed Pin From Net: NetName=PGM Pin=ModuloX-12
Removed Pin From Net: NetName=THRU Pin=ModuloX-13
Removed Pin From Net: NetName=TX Pin=ModuloX-14
Removed Pin From Net: NetName=SCL Pin=ModuloX-15
Removed Pin From Net: NetName=SDA Pin=ModuloX-16
Removed Pin From Net: NetName=SDA Pin=ModuloX-23
Removed Pin From Net: NetName=SCL Pin=ModuloX-24
Removed Pin From Net: NetName=SCK Pin=ModuloX-25
Removed Pin From Net: NetName=MISO Pin=ModuloX-26
Removed Pin From Net: NetName=MOSI Pin=ModuloX-27
Removed Pin From Net: NetName=THRU Pin=ModuloX-30
Removed Pin From Net: NetName=SCL Pin=ModuloX-31
Removed Pin From Net: NetName=SDA Pin=ModuloX-32
Removed Pin From Net: NetName=VCC Pin=ModuloX-33
Removed Pin From Net: NetName=VCC Pin=ModuloX-33
Removed Pin From Net: NetName=VCC Pin=ModuloX-33
Removed Pin From Net: NetName=DGND Pin=ModuloX-34
Removed Pin From Net: NetName=DGND Pin=ModuloX-34
Removed Pin From Net: NetName=DGND Pin=ModuloX-34
Removed Pin From Net: NetName=AVCC Pin=ModuloX-36
Removed Pin From Net: NetName=AGND Pin=ModuloX-37
Removed Pin From Net: NetName=AREF Pin=ModuloX-38
Removed Member From Class: ClassName=module_rev1 Member=ModuloX
Added Component: Designator=C6(0603)
Added Component: Designator=VREF1(TSOT-23-6)
Added Pin To Net: NetName=AREF Pin=C6-1
Added Pin To Net: NetName=AVCC Pin=C6-2
Added Pin To Net: NetName=AGND Pin=VREF1-1
Added Pin To Net: NetName=AGND Pin=VREF1-2
Added Pin To Net: NetName=AVCC Pin=VREF1-4
Added Pin To Net: NetName=AREF Pin=VREF1-6
Added Pin To Net: NetName=NetModular8_4 Pin=MX1-32
Added Net: Name=NetModular8_4
Added Pin To Net: NetName=NetModular8_5 Pin=MX1-1
Added Net: Name=NetModular8_5
Added Pin To Net: NetName=NetModular8_6 Pin=MX1-2
Added Net: Name=NetModular8_6
Added Pin To Net: NetName=NetModular8_7 Pin=MX1-9
Added Net: Name=NetModular8_7
Added Pin To Net: NetName=NetModular8_8 Pin=MX1-10
Added Net: Name=NetModular8_8
Added Pin To Net: NetName=NetModular8_9 Pin=MX1-11
Added Net: Name=NetModular8_9
Added Pin To Net: NetName=NetModular8_10 Pin=MX1-12
Added Net: Name=NetModular8_10
Added Pin To Net: NetName=NetModular8_11 Pin=MX1-13
Added Net: Name=NetModular8_11
Added Pin To Net: NetName=NetModular8_28 Pin=MX1-19
Added Net: Name=NetModular8_28
Added Pin To Net: NetName=NetModular8_29 Pin=MX1-22
Added Net: Name=NetModular8_29
Added Pin To Net: NetName=NetModular8_30 Pin=MX1-23
Added Net: Name=NetModular8_30
Added Pin To Net: NetName=NetModular8_31 Pin=MX1-24
Added Net: Name=NetModular8_31
Added Pin To Net: NetName=NetModular8_32 Pin=MX1-25
Added Net: Name=NetModular8_32
Added Pin To Net: NetName=NetModular8_33 Pin=MX1-26
Added Net: Name=NetModular8_33
Added Pin To Net: NetName=NetModular8_41 Pin=MX1-30
Added Net: Name=NetModular8_41
Added Pin To Net: NetName=NetModular8_42 Pin=MX1-29
Added Pin To Net: NetName=NetModular8_42 Pin=R1-1
Added Net: Name=NetModular8_42
Added Member To Class: ClassName=module_rev1 Member=Component C6 Capacitor
Added Member To Class: ClassName=module_rev1 Member=Component VREF1 Analog Ref
