Added Component: Designator=C1(0603)
Added Component: Designator=C2(0603)
Added Component: Designator=C3(0603)
Added Component: Designator=C4(0603)
Added Component: Designator=LEDR1(0603)
Added Component: Designator=MCU1(ATmega328p TQFP)
Added Component: Designator=R1(0603)
Added Component: Designator=VREG1(SOT-23-3 transistor)
Added Pin To Net: NetName=NetC1_1 Pin=C1-1
Added Net: Name=NetC1_1
Added Pin To Net: NetName=NetC1_2 Pin=C1-2
Added Pin To Net: NetName=NetC1_2 Pin=C2-2
Added Pin To Net: NetName=NetC1_2 Pin=C3-2
Added Pin To Net: NetName=NetC1_2 Pin=C4-2
Added Pin To Net: NetName=NetC1_2 Pin=MCU1-3
Added Pin To Net: NetName=NetC1_2 Pin=MCU1-5
Added Pin To Net: NetName=NetC1_2 Pin=MCU1-21
Added Net: Name=NetC1_2
Added Pin To Net: NetName=NetC2_1 Pin=C2-1
Added Net: Name=NetC2_1
Added Pin To Net: NetName=NetC3_1 Pin=C3-1
Added Net: Name=NetC3_1
Added Pin To Net: NetName=NetC4_1 Pin=C4-1
Added Pin To Net: NetName=NetC4_1 Pin=MCU1-4
Added Pin To Net: NetName=NetC4_1 Pin=MCU1-6
Added Net: Name=NetC4_1
Added Pin To Net: NetName=NetLEDR1_K Pin=R1-1
Added Net: Name=NetLEDR1_K
Added Class: Name=module_rev1
