Added Component: Designator=EDGE A(ModuloX)
Added Component: Designator=EDGE B(ModuloX)
Added Component: Designator=EDGE C(ModuloX)
Added Component: Designator=EDGE D(ModuloX)
Added Pin To Net: NetName=VCC Pin=EDGE A-1
Added Pin To Net: NetName=VCC Pin=EDGE A-1
Added Pin To Net: NetName=DGND Pin=EDGE A-10
Added Pin To Net: NetName=DGND Pin=EDGE A-10
Added Pin To Net: NetName=VCC Pin=EDGE B-1
Added Pin To Net: NetName=VCC Pin=EDGE B-1
Added Pin To Net: NetName=DGND Pin=EDGE B-10
Added Pin To Net: NetName=DGND Pin=EDGE B-10
Added Pin To Net: NetName=DGND Pin=EDGE C-1
Added Pin To Net: NetName=DGND Pin=EDGE C-1
Added Pin To Net: NetName=VCC Pin=EDGE C-10
Added Pin To Net: NetName=VCC Pin=EDGE C-10
Added Pin To Net: NetName=DGND Pin=EDGE D-1
Added Pin To Net: NetName=DGND Pin=EDGE D-1
Added Pin To Net: NetName=VCC Pin=EDGE D-10
Added Pin To Net: NetName=VCC Pin=EDGE D-10
Added Pin To Net: NetName=MISO Pin=EDGE B-3
Added Pin To Net: NetName=MISO Pin=EDGE B-3
Added Pin To Net: NetName=MISO Pin=EDGE D-8
Added Pin To Net: NetName=MISO Pin=EDGE D-8
Added Pin To Net: NetName=MISO Pin=MCU1-16
Added Net: Name=MISO
Added Pin To Net: NetName=MOSI Pin=EDGE B-4
Added Pin To Net: NetName=MOSI Pin=EDGE B-4
Added Pin To Net: NetName=MOSI Pin=EDGE D-7
Added Pin To Net: NetName=MOSI Pin=EDGE D-7
Added Pin To Net: NetName=MOSI Pin=MCU1-15
Added Net: Name=MOSI
Added Pin To Net: NetName=NetEDGE A_2 Pin=EDGE A-2
Added Pin To Net: NetName=NetEDGE A_2 Pin=EDGE A-2
Added Pin To Net: NetName=NetEDGE A_2 Pin=EDGE D-4
Added Pin To Net: NetName=NetEDGE A_2 Pin=EDGE D-4
Added Pin To Net: NetName=NetEDGE A_2 Pin=MCU1-30
Added Net: Name=NetEDGE A_2
Added Pin To Net: NetName=NetEDGE A_3 Pin=EDGE A-3
Added Pin To Net: NetName=NetEDGE A_3 Pin=EDGE A-3
Added Pin To Net: NetName=NetEDGE A_3 Pin=EDGE D-5
Added Pin To Net: NetName=NetEDGE A_3 Pin=EDGE D-5
Added Pin To Net: NetName=NetEDGE A_3 Pin=MCU1-31
Added Net: Name=NetEDGE A_3
Added Pin To Net: NetName=NetEDGE A_4 Pin=EDGE A-4
Added Pin To Net: NetName=NetEDGE A_4 Pin=EDGE A-4
Added Pin To Net: NetName=NetEDGE A_4 Pin=MCU1-32
Added Net: Name=NetEDGE A_4
Added Pin To Net: NetName=NetEDGE A_5 Pin=EDGE A-5
Added Pin To Net: NetName=NetEDGE A_5 Pin=EDGE A-5
Added Pin To Net: NetName=NetEDGE A_5 Pin=MCU1-1
Added Net: Name=NetEDGE A_5
Added Pin To Net: NetName=NetEDGE A_6 Pin=EDGE A-6
Added Pin To Net: NetName=NetEDGE A_6 Pin=EDGE A-6
Added Pin To Net: NetName=NetEDGE A_6 Pin=MCU1-2
Added Net: Name=NetEDGE A_6
Added Pin To Net: NetName=NetEDGE A_7 Pin=EDGE A-7
Added Pin To Net: NetName=NetEDGE A_7 Pin=EDGE A-7
Added Pin To Net: NetName=NetEDGE A_7 Pin=MCU1-9
Added Net: Name=NetEDGE A_7
Added Pin To Net: NetName=NetEDGE A_8 Pin=EDGE A-8
Added Pin To Net: NetName=NetEDGE A_8 Pin=EDGE A-8
Added Pin To Net: NetName=NetEDGE A_8 Pin=MCU1-10
Added Net: Name=NetEDGE A_8
Added Pin To Net: NetName=NetEDGE A_9 Pin=EDGE A-9
Added Pin To Net: NetName=NetEDGE A_9 Pin=EDGE A-9
Added Pin To Net: NetName=NetEDGE A_9 Pin=MCU1-11
Added Net: Name=NetEDGE A_9
Added Pin To Net: NetName=NetEDGE B_5 Pin=EDGE B-5
Added Pin To Net: NetName=NetEDGE B_5 Pin=EDGE B-5
Added Pin To Net: NetName=NetEDGE B_5 Pin=MCU1-14
Added Net: Name=NetEDGE B_5
Added Pin To Net: NetName=NetEDGE B_6 Pin=EDGE B-6
Added Pin To Net: NetName=NetEDGE B_6 Pin=EDGE B-6
Added Pin To Net: NetName=NetEDGE B_6 Pin=EDGE C-6
Added Pin To Net: NetName=NetEDGE B_6 Pin=EDGE C-6
Added Pin To Net: NetName=NetEDGE B_6 Pin=MCU1-12
Added Net: Name=NetEDGE B_6
Added Pin To Net: NetName=NetEDGE B_7 Pin=EDGE B-7
Added Pin To Net: NetName=NetEDGE B_7 Pin=EDGE B-7
Added Pin To Net: NetName=NetEDGE B_7 Pin=EDGE C-7
Added Pin To Net: NetName=NetEDGE B_7 Pin=EDGE C-7
Added Pin To Net: NetName=NetEDGE B_7 Pin=MCU1-13
Added Net: Name=NetEDGE B_7
Added Pin To Net: NetName=NetEDGE C_2 Pin=EDGE C-2
Added Pin To Net: NetName=NetEDGE C_2 Pin=EDGE C-2
Added Pin To Net: NetName=NetEDGE C_2 Pin=MCU1-23
Added Net: Name=NetEDGE C_2
Added Pin To Net: NetName=NetEDGE C_3 Pin=EDGE C-3
Added Pin To Net: NetName=NetEDGE C_3 Pin=EDGE C-3
Added Pin To Net: NetName=NetEDGE C_3 Pin=MCU1-24
Added Net: Name=NetEDGE C_3
Added Pin To Net: NetName=NetEDGE C_4 Pin=EDGE C-4
Added Pin To Net: NetName=NetEDGE C_4 Pin=EDGE C-4
Added Pin To Net: NetName=NetEDGE C_4 Pin=MCU1-25
Added Net: Name=NetEDGE C_4
Added Pin To Net: NetName=NetEDGE C_5 Pin=EDGE C-5
Added Pin To Net: NetName=NetEDGE C_5 Pin=EDGE C-5
Added Pin To Net: NetName=NetEDGE C_5 Pin=MCU1-26
Added Net: Name=NetEDGE C_5
Added Pin To Net: NetName=NetEDGE C_8 Pin=EDGE C-8
Added Pin To Net: NetName=NetEDGE C_8 Pin=EDGE C-8
Added Pin To Net: NetName=NetEDGE C_8 Pin=MCU1-19
Added Net: Name=NetEDGE C_8
Added Pin To Net: NetName=NetEDGE C_9 Pin=EDGE C-9
Added Pin To Net: NetName=NetEDGE C_9 Pin=EDGE C-9
Added Pin To Net: NetName=NetEDGE C_9 Pin=MCU1-22
Added Net: Name=NetEDGE C_9
Added Pin To Net: NetName=NetEDGE D_6 Pin=EDGE D-6
Added Pin To Net: NetName=NetEDGE D_6 Pin=EDGE D-6
Added Pin To Net: NetName=NetEDGE D_6 Pin=MCU1-29
Added Pin To Net: NetName=NetEDGE D_6 Pin=R1-2
Added Net: Name=NetEDGE D_6
Added Pin To Net: NetName=SCK Pin=EDGE B-2
Added Pin To Net: NetName=SCK Pin=EDGE B-2
Added Pin To Net: NetName=SCK Pin=EDGE D-9
Added Pin To Net: NetName=SCK Pin=EDGE D-9
Added Pin To Net: NetName=SCK Pin=MCU1-17
Added Net: Name=SCK
Added Pin To Net: NetName=SCL Pin=EDGE B-8
Added Pin To Net: NetName=SCL Pin=EDGE B-8
Added Pin To Net: NetName=SCL Pin=EDGE D-3
Added Pin To Net: NetName=SCL Pin=EDGE D-3
Added Pin To Net: NetName=SCL Pin=MCU1-28
Added Net: Name=SCL
Added Pin To Net: NetName=SDA Pin=EDGE B-9
Added Pin To Net: NetName=SDA Pin=EDGE B-9
Added Pin To Net: NetName=SDA Pin=EDGE D-2
Added Pin To Net: NetName=SDA Pin=EDGE D-2
Added Pin To Net: NetName=SDA Pin=MCU1-27
Added Net: Name=SDA
Added Member To Class: ClassName=module_rev1 Member=Component EDGE A ModuloX edge A
Added Member To Class: ClassName=module_rev1 Member=Component EDGE B ModuloX edge B
Added Member To Class: ClassName=module_rev1 Member=Component EDGE C ModuloX edge C
Added Member To Class: ClassName=module_rev1 Member=Component EDGE D ModuloX edge D
