Added Component: Designator=C1(0603)
Added Component: Designator=C2(0603)
Added Component: Designator=C3(0603)
Added Component: Designator=EDGE A(ModuloX edge)
Added Component: Designator=EDGE B(ModuloX edge)
Added Component: Designator=EDGE C(ModuloX edge)
Added Component: Designator=EDGE D(ModuloX edge)
Added Component: Designator=L1(0603)
Added Component: Designator=MCU1(ATmega328p TQFP)
Added Component: Designator=R1(0603)
Added Component: Designator=XTAL1(XTAL M7x4x2)
Added Pin To Net: NetName=DGND Pin=C1-1
Added Pin To Net: NetName=NetC1_2 Pin=C1-2
Added Pin To Net: NetName=NetC2_1 Pin=C2-1
Added Pin To Net: NetName=DGND Pin=C2-2
Added Pin To Net: NetName=NetC3_1 Pin=C3-1
Added Pin To Net: NetName=AGND Pin=C3-2
Added Pin To Net: NetName=VCC Pin=L1-1
Added Pin To Net: NetName=NetC3_1 Pin=L1-2
Added Pin To Net: NetName=DGND Pin=MCU1-3
Added Pin To Net: NetName=VCC Pin=MCU1-4
Added Pin To Net: NetName=DGND Pin=MCU1-5
Added Pin To Net: NetName=VCC Pin=MCU1-6
Added Pin To Net: NetName=NetC1_2 Pin=MCU1-7
Added Pin To Net: NetName=NetC2_1 Pin=MCU1-8
Added Pin To Net: NetName=NetC3_1 Pin=MCU1-18
Added Pin To Net: NetName=AGND Pin=MCU1-21
Added Pin To Net: NetName=NetMCU1_29 Pin=MCU1-29
Added Pin To Net: NetName=VCC Pin=R1-1
Added Pin To Net: NetName=NetMCU1_29 Pin=R1-2
Added Member To Class: ClassName=module_rev1 Member=Component C1 Capacitor
Added Member To Class: ClassName=module_rev1 Member=Component C2 Capacitor
Added Member To Class: ClassName=module_rev1 Member=Component C3 Capacitor
Added Member To Class: ClassName=module_rev1 Member=Component EDGE A ModuloX edge A
Added Member To Class: ClassName=module_rev1 Member=Component EDGE B ModuloX edge B
Added Member To Class: ClassName=module_rev1 Member=Component EDGE C ModuloX edge C
Added Member To Class: ClassName=module_rev1 Member=Component EDGE D ModuloX edge D
Added Member To Class: ClassName=module_rev1 Member=Component L1 Inductor
Added Member To Class: ClassName=module_rev1 Member=Component MCU1 ATmega328p
Added Member To Class: ClassName=module_rev1 Member=Component R1 Resistor
Added Member To Class: ClassName=module_rev1 Member=Component XTAL1 Crystal
