Added Component: Designator=ModuloX(ModX)
Added Pin To Net: NetName=SCK Pin=ModuloX-9
Added Pin To Net: NetName=SCL Pin=ModuloX-15
Added Pin To Net: NetName=SDA Pin=ModuloX-16
Added Pin To Net: NetName=SCK Pin=ModuloX-25
Added Pin To Net: NetName=NetMCU1_29 Pin=ModuloX-28
Added Pin To Net: NetName=SCL Pin=ModuloX-31
Added Pin To Net: NetName=SDA Pin=ModuloX-32
Added Pin To Net: NetName=MISO Pin=ModuloX-10
Added Pin To Net: NetName=MISO Pin=ModuloX-26
Added Net: Name=MISO
Added Pin To Net: NetName=MOSI Pin=ModuloX-11
Added Pin To Net: NetName=MOSI Pin=ModuloX-27
Added Net: Name=MOSI
Added Pin To Net: NetName=NetMCU1_1 Pin=MCU1-1
Added Pin To Net: NetName=NetMCU1_1 Pin=ModuloX-4
Added Net: Name=NetMCU1_1
Added Pin To Net: NetName=NetMCU1_2 Pin=MCU1-2
Added Pin To Net: NetName=NetMCU1_2 Pin=ModuloX-5
Added Net: Name=NetMCU1_2
Added Pin To Net: NetName=NetMCU1_9 Pin=MCU1-9
Added Pin To Net: NetName=NetMCU1_9 Pin=ModuloX-6
Added Net: Name=NetMCU1_9
Added Pin To Net: NetName=NetMCU1_10 Pin=MCU1-10
Added Pin To Net: NetName=NetMCU1_10 Pin=ModuloX-7
Added Net: Name=NetMCU1_10
Added Pin To Net: NetName=NetMCU1_11 Pin=MCU1-11
Added Pin To Net: NetName=NetMCU1_11 Pin=ModuloX-8
Added Net: Name=NetMCU1_11
Added Pin To Net: NetName=NetMCU1_12 Pin=MCU1-12
Added Pin To Net: NetName=NetMCU1_12 Pin=ModuloX-13
Added Pin To Net: NetName=NetMCU1_12 Pin=ModuloX-21
Added Net: Name=NetMCU1_12
Added Pin To Net: NetName=NetMCU1_13 Pin=MCU1-13
Added Pin To Net: NetName=NetMCU1_13 Pin=ModuloX-14
Added Pin To Net: NetName=NetMCU1_13 Pin=ModuloX-22
Added Net: Name=NetMCU1_13
Added Pin To Net: NetName=NetMCU1_14 Pin=MCU1-14
Added Pin To Net: NetName=NetMCU1_14 Pin=ModuloX-12
Added Net: Name=NetMCU1_14
Added Pin To Net: NetName=NetMCU1_19 Pin=MCU1-19
Added Pin To Net: NetName=NetMCU1_19 Pin=ModuloX-23
Added Net: Name=NetMCU1_19
Added Pin To Net: NetName=NetMCU1_22 Pin=MCU1-22
Added Pin To Net: NetName=NetMCU1_22 Pin=ModuloX-24
Added Net: Name=NetMCU1_22
Added Pin To Net: NetName=NetMCU1_23 Pin=MCU1-23
Added Pin To Net: NetName=NetMCU1_23 Pin=ModuloX-17
Added Net: Name=NetMCU1_23
Added Pin To Net: NetName=NetMCU1_24 Pin=MCU1-24
Added Pin To Net: NetName=NetMCU1_24 Pin=ModuloX-18
Added Net: Name=NetMCU1_24
Added Pin To Net: NetName=NetMCU1_25 Pin=MCU1-25
Added Pin To Net: NetName=NetMCU1_25 Pin=ModuloX-19
Added Net: Name=NetMCU1_25
Added Pin To Net: NetName=NetMCU1_26 Pin=MCU1-26
Added Pin To Net: NetName=NetMCU1_26 Pin=ModuloX-20
Added Net: Name=NetMCU1_26
Added Pin To Net: NetName=NetMCU1_30 Pin=MCU1-30
Added Pin To Net: NetName=NetMCU1_30 Pin=ModuloX-1
Added Pin To Net: NetName=NetMCU1_30 Pin=ModuloX-29
Added Net: Name=NetMCU1_30
Added Pin To Net: NetName=NetMCU1_31 Pin=MCU1-31
Added Pin To Net: NetName=NetMCU1_31 Pin=ModuloX-2
Added Pin To Net: NetName=NetMCU1_31 Pin=ModuloX-30
Added Net: Name=NetMCU1_31
Added Pin To Net: NetName=NetMCU1_32 Pin=MCU1-32
Added Pin To Net: NetName=NetMCU1_32 Pin=ModuloX-3
Added Net: Name=NetMCU1_32
Added Member To Class: ClassName=module_rev1 Member=Component ModuloX
