Added Component: Designator=EDGE C(ModuloX)
Added Component: Designator=EDGE D(ModuloX)
Added Pin To Net: NetName=MISO Pin=MCU1-16
Added Net: Name=MISO
Added Pin To Net: NetName=MOSI Pin=MCU1-15
Added Net: Name=MOSI
Added Pin To Net: NetName=NetEDGE A_2 Pin=MCU1-30
Added Net: Name=NetEDGE A_2
Added Pin To Net: NetName=NetEDGE A_3 Pin=MCU1-31
Added Net: Name=NetEDGE A_3
Added Pin To Net: NetName=NetEDGE A_4 Pin=MCU1-32
Added Net: Name=NetEDGE A_4
Added Pin To Net: NetName=NetEDGE A_5 Pin=MCU1-1
Added Net: Name=NetEDGE A_5
Added Pin To Net: NetName=NetEDGE A_6 Pin=MCU1-2
Added Net: Name=NetEDGE A_6
Added Pin To Net: NetName=NetEDGE A_7 Pin=MCU1-9
Added Net: Name=NetEDGE A_7
Added Pin To Net: NetName=NetEDGE A_8 Pin=MCU1-10
Added Net: Name=NetEDGE A_8
Added Pin To Net: NetName=NetEDGE A_9 Pin=MCU1-11
Added Net: Name=NetEDGE A_9
Added Pin To Net: NetName=NetEDGE B_15 Pin=MCU1-14
Added Net: Name=NetEDGE B_15
Added Pin To Net: NetName=NetEDGE B_16 Pin=MCU1-12
Added Net: Name=NetEDGE B_16
Added Pin To Net: NetName=NetEDGE B_17 Pin=MCU1-13
Added Net: Name=NetEDGE B_17
Added Pin To Net: NetName=NetEDGE C_22 Pin=MCU1-23
Added Net: Name=NetEDGE C_22
Added Pin To Net: NetName=NetEDGE C_23 Pin=MCU1-24
Added Net: Name=NetEDGE C_23
Added Pin To Net: NetName=NetEDGE C_24 Pin=MCU1-25
Added Net: Name=NetEDGE C_24
Added Pin To Net: NetName=NetEDGE C_25 Pin=MCU1-26
Added Net: Name=NetEDGE C_25
Added Pin To Net: NetName=NetEDGE C_28 Pin=MCU1-19
Added Net: Name=NetEDGE C_28
Added Pin To Net: NetName=NetEDGE C_29 Pin=MCU1-22
Added Net: Name=NetEDGE C_29
Added Pin To Net: NetName=NetEDGE D_36 Pin=MCU1-29
Added Pin To Net: NetName=NetEDGE D_36 Pin=R1-2
Added Net: Name=NetEDGE D_36
Added Pin To Net: NetName=SCK Pin=MCU1-17
Added Net: Name=SCK
Added Pin To Net: NetName=SCL Pin=MCU1-28
Added Net: Name=SCL
Added Pin To Net: NetName=SDA Pin=MCU1-27
Added Net: Name=SDA
Added Member To Class: ClassName=module_rev1 Member=Component EDGE C ModuloX edge C
Added Member To Class: ClassName=module_rev1 Member=Component EDGE D ModuloX edge D
