Removed Pin From Net: NetName=DGND Pin=MX1-3
Removed Pin From Net: NetName=VCC Pin=MX1-4
Removed Pin From Net: NetName=DGND Pin=MX1-5
Removed Pin From Net: NetName=VCC Pin=MX1-6
Removed Pin From Net: NetName=NetC1_2 Pin=MX1-7
Removed Pin From Net: NetName=NetC2_1 Pin=MX1-8
Removed Pin From Net: NetName=PGM Pin=MX1-14
Removed Pin From Net: NetName=MOSI Pin=MX1-15
Removed Pin From Net: NetName=MISO Pin=MX1-16
Removed Pin From Net: NetName=SCK Pin=MX1-17
Removed Pin From Net: NetName=AVCC Pin=MX1-18
Removed Pin From Net: NetName=AREF Pin=MX1-20
Removed Pin From Net: NetName=AGND Pin=MX1-21
Removed Pin From Net: NetName=SDA Pin=MX1-27
Removed Pin From Net: NetName=SCL Pin=MX1-28
Removed Pin From Net: NetName=TX Pin=MX1-31
Removed Member From Class: ClassName=module_rev1 Member=MX1
Added Component: Designator=MCU1(ATmega328p TQFP)
Added Pin To Net: NetName=DGND Pin=MCU1-3
Added Pin To Net: NetName=VCC Pin=MCU1-4
Added Pin To Net: NetName=DGND Pin=MCU1-5
Added Pin To Net: NetName=VCC Pin=MCU1-6
Added Pin To Net: NetName=NetC1_2 Pin=MCU1-7
Added Pin To Net: NetName=NetC2_1 Pin=MCU1-8
Added Pin To Net: NetName=PGM Pin=MCU1-14
Added Pin To Net: NetName=MOSI Pin=MCU1-15
Added Pin To Net: NetName=MISO Pin=MCU1-16
Added Pin To Net: NetName=SCK Pin=MCU1-17
Added Pin To Net: NetName=AVCC Pin=MCU1-18
Added Pin To Net: NetName=AREF Pin=MCU1-20
Added Pin To Net: NetName=AGND Pin=MCU1-21
Added Pin To Net: NetName=SDA Pin=MCU1-27
Added Pin To Net: NetName=SCL Pin=MCU1-28
Added Pin To Net: NetName=TX Pin=MCU1-31
Added Pin To Net: NetName=NetMCU1_1 Pin=MCU1-1
Added Pin To Net: NetName=NetMCU1_1 Pin=Modular8-3
Added Net: Name=NetMCU1_1
Added Pin To Net: NetName=NetMCU1_2 Pin=MCU1-2
Added Pin To Net: NetName=NetMCU1_2 Pin=Modular8-4
Added Net: Name=NetMCU1_2
Added Pin To Net: NetName=NetMCU1_9 Pin=MCU1-9
Added Pin To Net: NetName=NetMCU1_9 Pin=Modular8-5
Added Net: Name=NetMCU1_9
Added Pin To Net: NetName=NetMCU1_10 Pin=MCU1-10
Added Pin To Net: NetName=NetMCU1_10 Pin=Modular8-6
Added Net: Name=NetMCU1_10
Added Pin To Net: NetName=NetMCU1_11 Pin=MCU1-11
Added Pin To Net: NetName=NetMCU1_11 Pin=Modular8-7
Added Net: Name=NetMCU1_11
Added Pin To Net: NetName=NetMCU1_12 Pin=MCU1-12
Added Pin To Net: NetName=NetMCU1_12 Pin=Modular8-8
Added Net: Name=NetMCU1_12
Added Pin To Net: NetName=NetMCU1_13 Pin=MCU1-13
Added Pin To Net: NetName=NetMCU1_13 Pin=Modular8-9
Added Net: Name=NetMCU1_13
Added Pin To Net: NetName=NetMCU1_19 Pin=MCU1-19
Added Pin To Net: NetName=NetMCU1_19 Pin=Modular8-28
Added Net: Name=NetMCU1_19
Added Pin To Net: NetName=NetMCU1_22 Pin=MCU1-22
Added Pin To Net: NetName=NetMCU1_22 Pin=Modular8-29
Added Net: Name=NetMCU1_22
Added Pin To Net: NetName=NetMCU1_23 Pin=MCU1-23
Added Pin To Net: NetName=NetMCU1_23 Pin=Modular8-30
Added Net: Name=NetMCU1_23
Added Pin To Net: NetName=NetMCU1_24 Pin=MCU1-24
Added Pin To Net: NetName=NetMCU1_24 Pin=Modular8-31
Added Net: Name=NetMCU1_24
Added Pin To Net: NetName=NetMCU1_25 Pin=MCU1-25
Added Pin To Net: NetName=NetMCU1_25 Pin=Modular8-32
Added Net: Name=NetMCU1_25
Added Pin To Net: NetName=NetMCU1_26 Pin=MCU1-26
Added Pin To Net: NetName=NetMCU1_26 Pin=Modular8-33
Added Net: Name=NetMCU1_26
Added Pin To Net: NetName=NetMCU1_29 Pin=MCU1-29
Added Pin To Net: NetName=NetMCU1_29 Pin=Modular8-45
Added Pin To Net: NetName=NetMCU1_29 Pin=R1-2
Added Net: Name=NetMCU1_29
Added Pin To Net: NetName=NetMCU1_30 Pin=MCU1-30
Added Pin To Net: NetName=NetMCU1_30 Pin=Modular8-46
Added Net: Name=NetMCU1_30
Added Pin To Net: NetName=NetMCU1_32 Pin=MCU1-32
Added Pin To Net: NetName=NetMCU1_32 Pin=Modular8-2
Added Net: Name=NetMCU1_32
Added Member To Class: ClassName=module_rev1 Member=Component MCU1 ATmega328p
