Added Component: Designator=C1(0603)
Added Component: Designator=C2(0603)
Added Component: Designator=C3(0603)
Added Component: Designator=MCU1(ATmega328p TQFP)
Added Component: Designator=R1(0603)
Added Pin To Net: NetName=NetC1_2 Pin=C1-2
Added Pin To Net: NetName=NetC2_1 Pin=C2-1
Added Pin To Net: NetName=NetC3_1 Pin=C3-1
Added Pin To Net: NetName=NetC1_2 Pin=MCU1-7
Added Pin To Net: NetName=NetC2_1 Pin=MCU1-8
Added Pin To Net: NetName=NetC3_1 Pin=MCU1-18
Added Pin To Net: NetName=AGND Pin=C3-2
Added Pin To Net: NetName=AGND Pin=MCU1-21
Added Net: Name=AGND
Added Pin To Net: NetName=DGND Pin=C1-1
Added Pin To Net: NetName=DGND Pin=C2-2
Added Pin To Net: NetName=DGND Pin=MCU1-3
Added Pin To Net: NetName=DGND Pin=MCU1-5
Added Net: Name=DGND
Added Pin To Net: NetName=NetMCU1_29 Pin=MCU1-29
Added Pin To Net: NetName=NetMCU1_29 Pin=R1-2
Added Net: Name=NetMCU1_29
Added Pin To Net: NetName=VCC Pin=MCU1-4
Added Pin To Net: NetName=VCC Pin=MCU1-6
Added Pin To Net: NetName=VCC Pin=R1-1
Added Net: Name=VCC
Added Member To Class: ClassName=module_rev1 Member=Component C1 Capacitor
Added Member To Class: ClassName=module_rev1 Member=Component C2 Capacitor
Added Member To Class: ClassName=module_rev1 Member=Component C3 Capacitor
Added Member To Class: ClassName=module_rev1 Member=Component MCU1 ATmega328p
Added Member To Class: ClassName=module_rev1 Member=Component R1 Resistor
