Removed Pin From Net: NetName=SCK Pin=EDGE B-2
Removed Pin From Net: NetName=SCK Pin=EDGE B-2
Removed Pin From Net: NetName=MISO Pin=EDGE B-3
Removed Pin From Net: NetName=MISO Pin=EDGE B-3
Removed Pin From Net: NetName=MOSI Pin=EDGE B-4
Removed Pin From Net: NetName=MOSI Pin=EDGE B-4
Removed Pin From Net: NetName=SCL Pin=EDGE B-8
Removed Pin From Net: NetName=SCL Pin=EDGE B-8
Removed Pin From Net: NetName=SDA Pin=EDGE B-9
Removed Pin From Net: NetName=SDA Pin=EDGE B-9
Removed Pin From Net: NetName=DGND Pin=EDGE C-1
Removed Pin From Net: NetName=DGND Pin=EDGE C-1
Removed Pin From Net: NetName=VCC Pin=EDGE C-10
Removed Pin From Net: NetName=VCC Pin=EDGE C-10
Removed Pin From Net: NetName=DGND Pin=EDGE D-1
Removed Pin From Net: NetName=DGND Pin=EDGE D-1
Removed Pin From Net: NetName=VCC Pin=EDGE D-10
Removed Pin From Net: NetName=VCC Pin=EDGE D-10
Added Pin To Net: NetName=SDA Pin=EDGE B-2
Added Pin To Net: NetName=SDA Pin=EDGE B-2
Added Pin To Net: NetName=SCL Pin=EDGE B-3
Added Pin To Net: NetName=SCL Pin=EDGE B-3
Added Pin To Net: NetName=MOSI Pin=EDGE B-7
Added Pin To Net: NetName=MOSI Pin=EDGE B-7
Added Pin To Net: NetName=MISO Pin=EDGE B-8
Added Pin To Net: NetName=MISO Pin=EDGE B-8
Added Pin To Net: NetName=SCK Pin=EDGE B-9
Added Pin To Net: NetName=SCK Pin=EDGE B-9
Added Pin To Net: NetName=VCC Pin=EDGE C-1
Added Pin To Net: NetName=VCC Pin=EDGE C-1
Added Pin To Net: NetName=DGND Pin=EDGE C-10
Added Pin To Net: NetName=DGND Pin=EDGE C-10
Added Pin To Net: NetName=VCC Pin=EDGE D-1
Added Pin To Net: NetName=VCC Pin=EDGE D-1
Added Pin To Net: NetName=DGND Pin=EDGE D-10
Added Pin To Net: NetName=DGND Pin=EDGE D-10
Added Pin To Net: NetName=NetEDGE B_4 Pin=EDGE B-4
Added Pin To Net: NetName=NetEDGE B_4 Pin=EDGE B-4
Added Pin To Net: NetName=NetEDGE B_4 Pin=EDGE C-7
Added Pin To Net: NetName=NetEDGE B_4 Pin=EDGE C-7
Added Pin To Net: NetName=NetEDGE B_4 Pin=MCU1-13
Added Net: Name=NetEDGE B_4
Added Room: Name=module_rev1
