Added Component: Designator=Modular8(modular8 metric)
Added Pin To Net: NetName=NetMCU1_12 Pin=Modular8-A_0
Added Pin To Net: NetName=NetMCU1_13 Pin=Modular8-A_1
Added Pin To Net: NetName=NetMCU1_32 Pin=Modular8-A_2
Added Pin To Net: NetName=NetMCU1_1 Pin=Modular8-A_3
Added Pin To Net: NetName=NetMCU1_2 Pin=Modular8-A_4
Added Pin To Net: NetName=NetMCU1_9 Pin=Modular8-A_5
Added Pin To Net: NetName=NetMCU1_10 Pin=Modular8-A_6
Added Pin To Net: NetName=NetMCU1_11 Pin=Modular8-A_7
Added Pin To Net: NetName=DGND Pin=Modular8-A_GND
Added Pin To Net: NetName=VCC Pin=Modular8-A_VCC
Added Pin To Net: NetName=VCC Pin=Modular8-A_VCC
Added Pin To Net: NetName=THRU Pin=Modular8-B_0
Added Pin To Net: NetName=TX Pin=Modular8-B_1
Added Pin To Net: NetName=PGM Pin=Modular8-B_2
Added Pin To Net: NetName=MOSI Pin=Modular8-B_3
Added Pin To Net: NetName=MISO Pin=Modular8-B_4
Added Pin To Net: NetName=SCK Pin=Modular8-B_5
Added Pin To Net: NetName=SCL Pin=Modular8-B_6
Added Pin To Net: NetName=SDA Pin=Modular8-B_7
Added Pin To Net: NetName=DGND Pin=Modular8-B_GND
Added Pin To Net: NetName=VCC Pin=Modular8-B_VCC
Added Pin To Net: NetName=VCC Pin=Modular8-B_VCC
Added Pin To Net: NetName=NetMCU1_23 Pin=Modular8-C_0
Added Pin To Net: NetName=NetMCU1_24 Pin=Modular8-C_1
Added Pin To Net: NetName=NetMCU1_25 Pin=Modular8-C_2
Added Pin To Net: NetName=NetMCU1_26 Pin=Modular8-C_3
Added Pin To Net: NetName=SDA Pin=Modular8-C_4
Added Pin To Net: NetName=SCL Pin=Modular8-C_5
Added Pin To Net: NetName=NetMCU1_19 Pin=Modular8-C_6
Added Pin To Net: NetName=NetMCU1_22 Pin=Modular8-C_7
Added Pin To Net: NetName=AREF Pin=Modular8-C_ALT2
Added Pin To Net: NetName=AGND Pin=Modular8-C_GND
Added Pin To Net: NetName=AVCC Pin=Modular8-C_VCC
Added Pin To Net: NetName=SDA Pin=Modular8-D_0
Added Pin To Net: NetName=SCL Pin=Modular8-D_1
Added Pin To Net: NetName=SCK Pin=Modular8-D_2
Added Pin To Net: NetName=MISO Pin=Modular8-D_3
Added Pin To Net: NetName=MOSI Pin=Modular8-D_4
Added Pin To Net: NetName=NetMCU1_29 Pin=Modular8-D_5
Added Pin To Net: NetName=NetMCU1_30 Pin=Modular8-D_6
Added Pin To Net: NetName=THRU Pin=Modular8-D_7
Added Pin To Net: NetName=DGND Pin=Modular8-D_GND
Added Pin To Net: NetName=VCC Pin=Modular8-D_VCC
Added Pin To Net: NetName=VCC Pin=Modular8-D_VCC
Added Member To Class: ClassName=module_rev2 Member=Component Modular8 modular8_rev2
