Removed Pin From Net: NetName=VCC Pin=Modular8-A_VCC
Removed Pin From Net: NetName=VCC Pin=Modular8-A_VCC
Removed Pin From Net: NetName=THRU Pin=Modular8-B_0
Removed Pin From Net: NetName=TX Pin=Modular8-B_1
Removed Pin From Net: NetName=PGM Pin=Modular8-B_2
Removed Pin From Net: NetName=MOSI Pin=Modular8-B_3
Removed Pin From Net: NetName=MISO Pin=Modular8-B_4
Removed Pin From Net: NetName=SCK Pin=Modular8-B_5
Removed Pin From Net: NetName=SCL Pin=Modular8-B_6
Removed Pin From Net: NetName=SDA Pin=Modular8-B_7
Removed Pin From Net: NetName=VCC Pin=Modular8-B_VCC
Removed Pin From Net: NetName=VCC Pin=Modular8-B_VCC
Removed Pin From Net: NetName=AREF Pin=Modular8-C_ALT1
Removed Pin From Net: NetName=AVCC Pin=Modular8-C_VCC
Removed Pin From Net: NetName=AVCC Pin=Modular8-C_VCC
Removed Pin From Net: NetName=SDA Pin=Modular8-D_0
Removed Pin From Net: NetName=SCL Pin=Modular8-D_1
Removed Pin From Net: NetName=SCK Pin=Modular8-D_2
Removed Pin From Net: NetName=MISO Pin=Modular8-D_3
Removed Pin From Net: NetName=MOSI Pin=Modular8-D_4
Removed Pin From Net: NetName=NetMCU1_29 Pin=Modular8-D_5
Removed Pin From Net: NetName=NetMCU1_30 Pin=Modular8-D_6
Removed Pin From Net: NetName=THRU Pin=Modular8-D_7
Removed Pin From Net: NetName=VCC Pin=Modular8-D_VCC
Removed Pin From Net: NetName=VCC Pin=Modular8-D_VCC
Change Component Footprint: Designator=Modular8 Old Footprint= New Footprint=modular8 metric
Added Pin To Net: NetName=PGM Pin=Modular8-B_0
Added Pin To Net: NetName=MOSI Pin=Modular8-B_1
Added Pin To Net: NetName=MISO Pin=Modular8-B_2
Added Pin To Net: NetName=SCK Pin=Modular8-B_3
Added Pin To Net: NetName=SDA Pin=Modular8-B_4
Added Pin To Net: NetName=SCL Pin=Modular8-B_5
Added Pin To Net: NetName=THRU Pin=Modular8-B_6
Added Pin To Net: NetName=TX Pin=Modular8-B_7
Added Pin To Net: NetName=NetMCU1_30 Pin=Modular8-D_0
Added Pin To Net: NetName=THRU Pin=Modular8-D_1
Added Pin To Net: NetName=SCL Pin=Modular8-D_2
Added Pin To Net: NetName=SDA Pin=Modular8-D_3
Added Pin To Net: NetName=SCK Pin=Modular8-D_4
Added Pin To Net: NetName=MISO Pin=Modular8-D_5
Added Pin To Net: NetName=MOSI Pin=Modular8-D_6
Added Pin To Net: NetName=NetMCU1_29 Pin=Modular8-D_7
