Added Component: Designator=EDGEA(MODULAR8 PINS VERTICAL)
Added Component: Designator=EDGEC(MODULAR8 PINS VERTICAL)
Added Pin To Net: NetName=NetEDGEA_2 Pin=EDGEA-2
Added Pin To Net: NetName=NetEDGEA_3 Pin=EDGEA-3
Added Pin To Net: NetName=NetEDGEA_4 Pin=EDGEA-4
Added Pin To Net: NetName=NetEDGEA_5 Pin=EDGEA-5
Added Pin To Net: NetName=NetEDGEA_6 Pin=EDGEA-6
Added Pin To Net: NetName=NetEDGEA_7 Pin=EDGEA-7
Added Pin To Net: NetName=NetEDGEA_8 Pin=EDGEA-8
Added Pin To Net: NetName=NetEDGEA_9 Pin=EDGEA-9
Added Pin To Net: NetName=NetEDGEC_1 Pin=EDGEC-1
Added Pin To Net: NetName=NetEDGEC_2 Pin=EDGEC-2
Added Pin To Net: NetName=NetEDGEC_3 Pin=EDGEC-3
Added Pin To Net: NetName=NetEDGEC_4 Pin=EDGEC-4
Added Pin To Net: NetName=NetEDGEC_5 Pin=EDGEC-5
Added Pin To Net: NetName=NetEDGEC_6 Pin=EDGEC-6
Added Pin To Net: NetName=NetEDGEC_7 Pin=EDGEC-7
Added Pin To Net: NetName=NetEDGEC_8 Pin=EDGEC-8
Added Pin To Net: NetName=NetEDGEC_9 Pin=EDGEC-9
Added Pin To Net: NetName=NetEDGEC_10 Pin=EDGEC-10
Added Member To Class: ClassName=protoboard Member=Component EDGEA Generic Modular8 edge
Added Member To Class: ClassName=protoboard Member=Component EDGEC Generic Modular8 edge
