Added Component: Designator=2D1(SOT-23-3)
Added Component: Designator=C1(0603)
Added Component: Designator=C2(0603)
Added Component: Designator=HEADER1(3x1 THRU HOLES 0.1" PITCH)
Added Component: Designator=J1(BNC THROUGH HOLE)
Added Component: Designator=Modular8(modular8 metric)
Added Component: Designator=POWER(0805 - LED)
Added Component: Designator=R1(0603)
Added Component: Designator=R2(0603)
Added Component: Designator=R3(0603)
Added Component: Designator=U1(SOT-23-5)
Added Pin To Net: NetName=AREF Pin=Modular8-A_V1
Added Pin To Net: NetName=AREF Pin=Modular8-C_V1
Added Net: Name=AREF
Added Pin To Net: NetName=GND Pin=2D1-2
Added Pin To Net: NetName=GND Pin=C1-2
Added Pin To Net: NetName=GND Pin=C2-2
Added Pin To Net: NetName=GND Pin=J1-1
Added Pin To Net: NetName=GND Pin=J1-1
Added Pin To Net: NetName=GND Pin=J1-1
Added Pin To Net: NetName=GND Pin=J1-1
Added Pin To Net: NetName=GND Pin=Modular8-A_GND
Added Pin To Net: NetName=GND Pin=Modular8-B_GND
Added Pin To Net: NetName=GND Pin=Modular8-C_GND
Added Pin To Net: NetName=GND Pin=Modular8-D_GND
Added Pin To Net: NetName=GND Pin=R2-2
Added Pin To Net: NetName=GND Pin=R3-2
Added Pin To Net: NetName=GND Pin=U1-2
Added Net: Name=GND
Added Pin To Net: NetName=Net2D1_3 Pin=2D1-3
Added Pin To Net: NetName=Net2D1_3 Pin=HEADER1-2
Added Pin To Net: NetName=Net2D1_3 Pin=U1-3
Added Net: Name=Net2D1_3
Added Pin To Net: NetName=NetHEADER1_1 Pin=HEADER1-1
Added Pin To Net: NetName=NetHEADER1_1 Pin=R1-2
Added Pin To Net: NetName=NetHEADER1_1 Pin=R2-1
Added Net: Name=NetHEADER1_1
Added Pin To Net: NetName=NetHEADER1_3 Pin=HEADER1-3
Added Pin To Net: NetName=NetHEADER1_3 Pin=J1-2
Added Pin To Net: NetName=NetHEADER1_3 Pin=R1-1
Added Net: Name=NetHEADER1_3
Added Pin To Net: NetName=NetModular8_A_0 Pin=Modular8-A_0
Added Pin To Net: NetName=NetModular8_A_0 Pin=Modular8-C_6
Added Net: Name=NetModular8_A_0
Added Pin To Net: NetName=NetModular8_A_1 Pin=Modular8-A_1
Added Pin To Net: NetName=NetModular8_A_1 Pin=Modular8-C_5
Added Net: Name=NetModular8_A_1
Added Pin To Net: NetName=NetModular8_A_2 Pin=Modular8-A_2
Added Pin To Net: NetName=NetModular8_A_2 Pin=Modular8-C_4
Added Net: Name=NetModular8_A_2
Added Pin To Net: NetName=NetModular8_A_3 Pin=Modular8-A_3
Added Pin To Net: NetName=NetModular8_A_3 Pin=Modular8-C_3
Added Net: Name=NetModular8_A_3
Added Pin To Net: NetName=NetModular8_A_4 Pin=Modular8-A_4
Added Pin To Net: NetName=NetModular8_A_4 Pin=Modular8-C_2
Added Net: Name=NetModular8_A_4
Added Pin To Net: NetName=NetModular8_A_5 Pin=Modular8-A_5
Added Pin To Net: NetName=NetModular8_A_5 Pin=Modular8-C_1
Added Net: Name=NetModular8_A_5
Added Pin To Net: NetName=NetModular8_A_6 Pin=Modular8-A_6
Added Pin To Net: NetName=NetModular8_A_6 Pin=Modular8-C_0
Added Net: Name=NetModular8_A_6
Added Pin To Net: NetName=NetModular8_A_7 Pin=Modular8-A_7
Added Pin To Net: NetName=NetModular8_A_7 Pin=Modular8-C_7
Added Pin To Net: NetName=NetModular8_A_7 Pin=U1-1
Added Pin To Net: NetName=NetModular8_A_7 Pin=U1-4
Added Net: Name=NetModular8_A_7
Added Pin To Net: NetName=NetPOWER_1 Pin=POWER-1
Added Pin To Net: NetName=NetPOWER_1 Pin=R3-1
Added Net: Name=NetPOWER_1
Added Pin To Net: NetName=VCC Pin=2D1-1
Added Pin To Net: NetName=VCC Pin=C1-1
Added Pin To Net: NetName=VCC Pin=C2-1
Added Pin To Net: NetName=VCC Pin=Modular8-A_V2
Added Pin To Net: NetName=VCC Pin=Modular8-C_V2
Added Pin To Net: NetName=VCC Pin=POWER-2
Added Pin To Net: NetName=VCC Pin=U1-5
Added Net: Name=VCC
Added Class: Name=voltage_monitor_rev_1
